[33m[nodemon] 1.19.0[39m
[33m[nodemon] to restart at any time, enter `rs`[39m
[33m[nodemon] watching: *.*[39m
[32m[nodemon] starting `node run server/index.js`[39m
Listening on port 5000
repos.length
[ { id: 1234714,
    node_id: 'MDEwOlJlcG9zaXRvcnkxMjM0NzE0',
    name: 'elixir',
    full_name: 'elixir-lang/elixir',
    private: false,
    owner:
     { login: 'elixir-lang',
       id: 1481354,
       node_id: 'MDEyOk9yZ2FuaXphdGlvbjE0ODEzNTQ=',
       avatar_url: 'https://avatars1.githubusercontent.com/u/1481354?v=4',
       gravatar_id: '',
       url: 'https://api.github.com/users/elixir-lang',
       html_url: 'https://github.com/elixir-lang',
       followers_url: 'https://api.github.com/users/elixir-lang/followers',
       following_url:
        'https://api.github.com/users/elixir-lang/following{/other_user}',
       gists_url: 'https://api.github.com/users/elixir-lang/gists{/gist_id}',
       starred_url:
        'https://api.github.com/users/elixir-lang/starred{/owner}{/repo}',
       subscriptions_url: 'https://api.github.com/users/elixir-lang/subscriptions',
       organizations_url: 'https://api.github.com/users/elixir-lang/orgs',
       repos_url: 'https://api.github.com/users/elixir-lang/repos',
       events_url: 'https://api.github.com/users/elixir-lang/events{/privacy}',
       received_events_url: 'https://api.github.com/users/elixir-lang/received_events',
       type: 'Organization',
       site_admin: false },
    html_url: 'https://github.com/elixir-lang/elixir',
    description:
     'Elixir is a dynamic, functional language designed for building scalable and maintainable applications',
    fork: false,
    url: 'https://api.github.com/repos/elixir-lang/elixir',
    forks_url: 'https://api.github.com/repos/elixir-lang/elixir/forks',
    keys_url:
     'https://api.github.com/repos/elixir-lang/elixir/keys{/key_id}',
    collaborators_url:
     'https://api.github.com/repos/elixir-lang/elixir/collaborators{/collaborator}',
    teams_url: 'https://api.github.com/repos/elixir-lang/elixir/teams',
    hooks_url: 'https://api.github.com/repos/elixir-lang/elixir/hooks',
    issue_events_url:
     'https://api.github.com/repos/elixir-lang/elixir/issues/events{/number}',
    events_url: 'https://api.github.com/repos/elixir-lang/elixir/events',
    assignees_url:
     'https://api.github.com/repos/elixir-lang/elixir/assignees{/user}',
    branches_url:
     'https://api.github.com/repos/elixir-lang/elixir/branches{/branch}',
    tags_url: 'https://api.github.com/repos/elixir-lang/elixir/tags',
    blobs_url:
     'https://api.github.com/repos/elixir-lang/elixir/git/blobs{/sha}',
    git_tags_url:
     'https://api.github.com/repos/elixir-lang/elixir/git/tags{/sha}',
    git_refs_url:
     'https://api.github.com/repos/elixir-lang/elixir/git/refs{/sha}',
    trees_url:
     'https://api.github.com/repos/elixir-lang/elixir/git/trees{/sha}',
    statuses_url:
     'https://api.github.com/repos/elixir-lang/elixir/statuses/{sha}',
    languages_url: 'https://api.github.com/repos/elixir-lang/elixir/languages',
    stargazers_url: 'https://api.github.com/repos/elixir-lang/elixir/stargazers',
    contributors_url:
     'https://api.github.com/repos/elixir-lang/elixir/contributors',
    subscribers_url:
     'https://api.github.com/repos/elixir-lang/elixir/subscribers',
    subscription_url:
     'https://api.github.com/repos/elixir-lang/elixir/subscription',
    commits_url:
     'https://api.github.com/repos/elixir-lang/elixir/commits{/sha}',
    git_commits_url:
     'https://api.github.com/repos/elixir-lang/elixir/git/commits{/sha}',
    comments_url:
     'https://api.github.com/repos/elixir-lang/elixir/comments{/number}',
    issue_comment_url:
     'https://api.github.com/repos/elixir-lang/elixir/issues/comments{/number}',
    contents_url:
     'https://api.github.com/repos/elixir-lang/elixir/contents/{+path}',
    compare_url:
     'https://api.github.com/repos/elixir-lang/elixir/compare/{base}...{head}',
    merges_url: 'https://api.github.com/repos/elixir-lang/elixir/merges',
    archive_url:
     'https://api.github.com/repos/elixir-lang/elixir/{archive_format}{/ref}',
    downloads_url: 'https://api.github.com/repos/elixir-lang/elixir/downloads',
    issues_url:
     'https://api.github.com/repos/elixir-lang/elixir/issues{/number}',
    pulls_url:
     'https://api.github.com/repos/elixir-lang/elixir/pulls{/number}',
    milestones_url:
     'https://api.github.com/repos/elixir-lang/elixir/milestones{/number}',
    notifications_url:
     'https://api.github.com/repos/elixir-lang/elixir/notifications{?since,all,participating}',
    labels_url:
     'https://api.github.com/repos/elixir-lang/elixir/labels{/name}',
    releases_url:
     'https://api.github.com/repos/elixir-lang/elixir/releases{/id}',
    deployments_url:
     'https://api.github.com/repos/elixir-lang/elixir/deployments',
    created_at: '2011-01-09T08:43:57Z',
    updated_at: '2019-05-26T22:16:55Z',
    pushed_at: '2019-05-26T22:16:53Z',
    git_url: 'git://github.com/elixir-lang/elixir.git',
    ssh_url: 'git@github.com:elixir-lang/elixir.git',
    clone_url: 'https://github.com/elixir-lang/elixir.git',
    svn_url: 'https://github.com/elixir-lang/elixir',
    homepage: 'http://elixir-lang.org/',
    size: 40329,
    stargazers_count: 15334,
    watchers_count: 15334,
    language: 'Elixir',
    has_issues: true,
    has_projects: false,
    has_downloads: true,
    has_wiki: true,
    has_pages: false,
    forks_count: 2203,
    mirror_url: null,
    archived: false,
    disabled: false,
    open_issues_count: 15,
    license:
     { key: 'apache-2.0',
       name: 'Apache License 2.0',
       spdx_id: 'Apache-2.0',
       url: 'https://api.github.com/licenses/apache-2.0',
       node_id: 'MDc6TGljZW5zZTI=' },
    forks: 2203,
    open_issues: 15,
    watchers: 15334,
    default_branch: 'master',
    permissions: { admin: false, push: false, pull: true },
    score: 162.42828 } ]
1
repos.length
[ { id: 538746,
    node_id: 'MDEwOlJlcG9zaXRvcnk1Mzg3NDY=',
    name: 'ruby',
    full_name: 'ruby/ruby',
    private: false,
    owner:
     { login: 'ruby',
       id: 210414,
       node_id: 'MDEyOk9yZ2FuaXphdGlvbjIxMDQxNA==',
       avatar_url: 'https://avatars3.githubusercontent.com/u/210414?v=4',
       gravatar_id: '',
       url: 'https://api.github.com/users/ruby',
       html_url: 'https://github.com/ruby',
       followers_url: 'https://api.github.com/users/ruby/followers',
       following_url: 'https://api.github.com/users/ruby/following{/other_user}',
       gists_url: 'https://api.github.com/users/ruby/gists{/gist_id}',
       starred_url: 'https://api.github.com/users/ruby/starred{/owner}{/repo}',
       subscriptions_url: 'https://api.github.com/users/ruby/subscriptions',
       organizations_url: 'https://api.github.com/users/ruby/orgs',
       repos_url: 'https://api.github.com/users/ruby/repos',
       events_url: 'https://api.github.com/users/ruby/events{/privacy}',
       received_events_url: 'https://api.github.com/users/ruby/received_events',
       type: 'Organization',
       site_admin: false },
    html_url: 'https://github.com/ruby/ruby',
    description: 'The Ruby Programming Language [mirror]',
    fork: false,
    url: 'https://api.github.com/repos/ruby/ruby',
    forks_url: 'https://api.github.com/repos/ruby/ruby/forks',
    keys_url: 'https://api.github.com/repos/ruby/ruby/keys{/key_id}',
    collaborators_url:
     'https://api.github.com/repos/ruby/ruby/collaborators{/collaborator}',
    teams_url: 'https://api.github.com/repos/ruby/ruby/teams',
    hooks_url: 'https://api.github.com/repos/ruby/ruby/hooks',
    issue_events_url:
     'https://api.github.com/repos/ruby/ruby/issues/events{/number}',
    events_url: 'https://api.github.com/repos/ruby/ruby/events',
    assignees_url: 'https://api.github.com/repos/ruby/ruby/assignees{/user}',
    branches_url: 'https://api.github.com/repos/ruby/ruby/branches{/branch}',
    tags_url: 'https://api.github.com/repos/ruby/ruby/tags',
    blobs_url: 'https://api.github.com/repos/ruby/ruby/git/blobs{/sha}',
    git_tags_url: 'https://api.github.com/repos/ruby/ruby/git/tags{/sha}',
    git_refs_url: 'https://api.github.com/repos/ruby/ruby/git/refs{/sha}',
    trees_url: 'https://api.github.com/repos/ruby/ruby/git/trees{/sha}',
    statuses_url: 'https://api.github.com/repos/ruby/ruby/statuses/{sha}',
    languages_url: 'https://api.github.com/repos/ruby/ruby/languages',
    stargazers_url: 'https://api.github.com/repos/ruby/ruby/stargazers',
    contributors_url: 'https://api.github.com/repos/ruby/ruby/contributors',
    subscribers_url: 'https://api.github.com/repos/ruby/ruby/subscribers',
    subscription_url: 'https://api.github.com/repos/ruby/ruby/subscription',
    commits_url: 'https://api.github.com/repos/ruby/ruby/commits{/sha}',
    git_commits_url: 'https://api.github.com/repos/ruby/ruby/git/commits{/sha}',
    comments_url: 'https://api.github.com/repos/ruby/ruby/comments{/number}',
    issue_comment_url:
     'https://api.github.com/repos/ruby/ruby/issues/comments{/number}',
    contents_url: 'https://api.github.com/repos/ruby/ruby/contents/{+path}',
    compare_url:
     'https://api.github.com/repos/ruby/ruby/compare/{base}...{head}',
    merges_url: 'https://api.github.com/repos/ruby/ruby/merges',
    archive_url:
     'https://api.github.com/repos/ruby/ruby/{archive_format}{/ref}',
    downloads_url: 'https://api.github.com/repos/ruby/ruby/downloads',
    issues_url: 'https://api.github.com/repos/ruby/ruby/issues{/number}',
    pulls_url: 'https://api.github.com/repos/ruby/ruby/pulls{/number}',
    milestones_url: 'https://api.github.com/repos/ruby/ruby/milestones{/number}',
    notifications_url:
     'https://api.github.com/repos/ruby/ruby/notifications{?since,all,participating}',
    labels_url: 'https://api.github.com/repos/ruby/ruby/labels{/name}',
    releases_url: 'https://api.github.com/repos/ruby/ruby/releases{/id}',
    deployments_url: 'https://api.github.com/repos/ruby/ruby/deployments',
    created_at: '2010-02-27T15:55:23Z',
    updated_at: '2019-05-26T22:02:15Z',
    pushed_at: '2019-05-26T22:00:36Z',
    git_url: 'git://github.com/ruby/ruby.git',
    ssh_url: 'git@github.com:ruby/ruby.git',
    clone_url: 'https://github.com/ruby/ruby.git',
    svn_url: 'https://github.com/ruby/ruby',
    homepage: 'https://www.ruby-lang.org/',
    size: 191837,
    stargazers_count: 15801,
    watchers_count: 15801,
    language: 'Ruby',
    has_issues: false,
    has_projects: false,
    has_downloads: false,
    has_wiki: false,
    has_pages: false,
    forks_count: 4200,
    mirror_url: null,
    archived: false,
    disabled: false,
    open_issues_count: 214,
    license:
     { key: 'other',
       name: 'Other',
       spdx_id: 'NOASSERTION',
       url: null,
       node_id: 'MDc6TGljZW5zZTA=' },
    forks: 4200,
    open_issues: 214,
    watchers: 15801,
    default_branch: 'trunk',
    permissions: { admin: false, push: false, pull: true },
    score: 150.11447 } ]
1
